Flutter crash report.
Please report a bug at https://github.com/flutter/flutter/issues.

## command

flutter --no-color pub get

## exception

FormatException: FormatException: Unexpected end of input (at character 1)

^


```
#0      _ChunkedJsonParser.fail (dart:convert-patch/convert_patch.dart:1383:5)
#1      _ChunkedJsonParser.close (dart:convert-patch/convert_patch.dart:501:7)
#2      _parseJson (dart:convert-patch/convert_patch.dart:36:10)
#3      JsonDecoder.convert (dart:convert/json.dart:610:36)
#4      JsonCodec.decode (dart:convert/json.dart:216:41)
#5      createPluginSymlinks (package:flutter_tools/src/flutter_plugins.dart:979:51)
#6      refreshPluginsList (package:flutter_tools/src/flutter_plugins.dart:1087:5)
<asynchronous suspension>
#7      FlutterProject.ensureReadyForPlatformSpecificTooling (package:flutter_tools/src/project.dart:355:5)
<asynchronous suspension>
#8      PackagesGetCommand.runCommand (package:flutter_tools/src/commands/packages.dart:326:7)
<asynchronous suspension>
#9      FlutterCommand.run.<anonymous closure> (package:flutter_tools/src/runner/flutter_command.dart:1336:27)
<asynchronous suspension>
#10     AppContext.run.<anonymous closure> (package:flutter_tools/src/base/context.dart:150:19)
<asynchronous suspension>
#11     CommandRunner.runCommand (package:args/command_runner.dart:212:13)
<asynchronous suspension>
#12     FlutterCommandRunner.runCommand.<anonymous closure> (package:flutter_tools/src/runner/flutter_command_runner.dart:296:9)
<asynchronous suspension>
#13     AppContext.run.<anonymous closure> (package:flutter_tools/src/base/context.dart:150:19)
<asynchronous suspension>
#14     FlutterCommandRunner.runCommand (package:flutter_tools/src/runner/flutter_command_runner.dart:244:5)
<asynchronous suspension>
#15     run.<anonymous closure>.<anonymous closure> (package:flutter_tools/runner.dart:91:9)
<asynchronous suspension>
#16     AppContext.run.<anonymous closure> (package:flutter_tools/src/base/context.dart:150:19)
<asynchronous suspension>
#17     main (package:flutter_tools/executable.dart:91:3)
<asynchronous suspension>
```

## flutter doctor

```
[✓] Flutter (Channel stable, 3.10.3, on Microsoft Windows [Version 10.0.19045.3086], locale en-IN)
    • Flutter version 3.10.3 on channel stable at C:\flutter
    • Upstream repository https://github.com/flutter/flutter.git
    • Framework revision f92f44110e (3 weeks ago), 2023-06-01 18:17:33 -0500
    • Engine revision 2a3401c9bb
    • Dart version 3.0.3
    • DevTools version 2.23.1

[✓] Windows Version (Installed version of Windows is version 10 or higher)

[!] Android toolchain - develop for Android devices (Android SDK version 33.0.2)
    • Android SDK at C:\Users\Akshay\AppData\Local\Android\sdk
    ✗ cmdline-tools component is missing
      Run `path/to/sdkmanager --install "cmdline-tools;latest"`
      See https://developer.android.com/studio/command-line for more details.
    ✗ Android license status unknown.
      Run `flutter doctor --android-licenses` to accept the SDK licenses.
      See https://flutter.dev/docs/get-started/install/windows#android-setup for more details.

[✓] Chrome - develop for the web
    • Chrome at C:\Program Files\Google\Chrome\Application\chrome.exe

[✗] Visual Studio - develop for Windows
    ✗ Visual Studio not installed; this is necessary for Windows development.
      Download at https://visualstudio.microsoft.com/downloads/.
      Please install the "Desktop development with C++" workload, including all of its default components

[✓] Android Studio (version 2021.3)
    • Android Studio at C:\Program Files\Android\Android Studio
    • Flutter plugin can be installed from:
      🔨 https://plugins.jetbrains.com/plugin/9212-flutter
    • Dart plugin can be installed from:
      🔨 https://plugins.jetbrains.com/plugin/6351-dart
    • Java version OpenJDK Runtime Environment (build 11.0.13+0-b1751.21-8125866)

[✓] VS Code (version 1.79.1)
    • VS Code at C:\Users\Akshay\AppData\Local\Programs\Microsoft VS Code
    • Flutter extension version 3.66.0

[✓] Connected device (4 available)
    • Redmi Note 5 Pro (mobile) • 192.168.1.17:5555 • android-arm64  • Android 9 (API 28)
    • Windows (desktop)         • windows           • windows-x64    • Microsoft Windows [Version 10.0.19045.3086]
    • Chrome (web)              • chrome            • web-javascript • Google Chrome 114.0.5735.134
    • Edge (web)                • edge              • web-javascript • Microsoft Edge 114.0.1823.51

[✓] Network resources
    • All expected network resources are available.

! Doctor found issues in 2 categories.
```
